python/2.7_intel (INFO):
    Loading this module may cause the environment generated by other
    modules to become inconsistent; however it should work together
    with Intel's compilers, tools and libraries.
ImportError compute_plot_stats.
n, N, alpha 8 256 0.1
n, N, alpha 16 256 0.1
n, N, alpha 32 256 0.1
n, N, alpha 64 256 0.1
n, N, alpha 128 256 0.1
Semismooth Newton CG method.
------------------------------
Line search:		 fixed
Maximum iterations:	 20

iteration = 0:	objective = 0.49762974835885665:	grad_norm = 0.014523890757785648:
TEST: 0.00021094340274409136 3.0637189375307644e-06
cg_iter = 0	curve = 2.1094340274409146e-05	hesstol = 0
iteration = 1:	objective = 0.4971243667253797:	grad_norm = 0.0002282090550298935:	delta_J = 0.0005053816334769645:
TEST: 4.9521817953185845e-08 1.1020336837828246e-11
cg_iter = 0	curve = 5.101158256954579e-09	hesstol = 0
iteration = 2:	objective = 0.49712412644668563:	grad_norm = 3.5099698434605926e-06:	delta_J = 2.4027869405252034e-07:
TEST: 1.0362717601041324e-11 3.335880577381468e-17
cg_iter = 0	curve = 1.102047510384343e-12	hesstol = 0
TEST: 7.410352132174724e-15 3.335880577381468e-17
cg_iter = 1	curve = 7.618389518879677e-16	hesstol = 0
iteration = 3:	objective = 0.49712412639792875:	grad_norm = 2.211148811421868e-10:	delta_J = 4.875688741634576e-11:
TEST: 4.5870026200588133e-20 9.824116010393973e-30
cg_iter = 0	curve = 4.6346815888328916e-21	hesstol = 0
TEST: 2.3495285543775115e-24 9.824116010393973e-30
cg_iter = 1	curve = 2.400904971821319e-25	hesstol = 0
TEST: 3.759374929158934e-28 9.824116010393973e-30
cg_iter = 2	curve = 3.943221090378399e-29	hesstol = 0

Tolerance reached: grad_norm < gtol.

iteration = 4:	objective = 0.4971241263979282:	grad_norm = 1.3122158955860342e-13:	delta_J = 5.551115123125783e-16:
ImportError compute_plot_stats.
n, N, alpha 8 256 0.1
n, N, alpha 16 256 0.1
n, N, alpha 32 256 0.1
n, N, alpha 64 256 0.1
n, N, alpha 128 256 0.1
Semismooth Newton CG method.
------------------------------
Line search:		 fixed
Maximum iterations:	 20

iteration = 0:	objective = 0.4974529433967674:	grad_norm = 0.013549629659766882:
TEST: 0.00018359246391683442 2.4876098943972206e-06
cg_iter = 0	curve = 1.8359246391683435e-05	hesstol = 0
iteration = 1:	objective = 0.49704797119591904:	grad_norm = 0.0001433251094276165:	delta_J = 0.0004049722008483414:
TEST: 1.9615708553903377e-08 2.7472994571921592e-12
cg_iter = 0	curve = 2.0025922014479314e-09	hesstol = 0
iteration = 2:	objective = 0.4970478751928425:	grad_norm = 1.5200333494342785e-06:	delta_J = 9.600307654400453e-08:
TEST: 1.978999104909643e-12 2.7839946519882255e-18
cg_iter = 0	curve = 2.0671224271901435e-13	hesstol = 0
TEST: 8.89471309013628e-16 2.7839946519882255e-18
cg_iter = 1	curve = 9.109299824162901e-17	hesstol = 0

Tolerance reached: grad_norm < gtol.

iteration = 3:	objective = 0.4970478751833648:	grad_norm = 8.416821747303318e-11:	delta_J = 9.477696405468805e-12:
ImportError compute_plot_stats.
n, N, alpha 8 256 0.1
n, N, alpha 16 256 0.1
n, N, alpha 32 256 0.1
n, N, alpha 64 256 0.1
n, N, alpha 128 256 0.1
Semismooth Newton CG method.
------------------------------
Line search:		 fixed
Maximum iterations:	 20

iteration = 0:	objective = 0.49758361518515587:	grad_norm = 0.013834862299069111:
TEST: 0.00019140341483420384 2.648039887802812e-06
cg_iter = 0	curve = 1.914034148342038e-05	hesstol = 0
iteration = 1:	objective = 0.49715267488844217:	grad_norm = 0.00017437850946606335:	delta_J = 0.00043094029671369993:
TEST: 2.8818874198541437e-08 4.892327445211972e-12
cg_iter = 0	curve = 2.961857370740164e-09	hesstol = 0
TEST: 9.301133757434542e-12 4.892327445211972e-12
cg_iter = 1	curve = 9.844862299369247e-13	hesstol = 0
iteration = 2:	objective = 0.49715253468042314:	grad_norm = 4.8444450415453565e-08:	delta_J = 1.4020801902825397e-07:
TEST: 1.9788846586681885e-15 8.803000417709504e-23
cg_iter = 0	curve = 2.0298603838520207e-16	hesstol = 0
TEST: 8.051092162874207e-19 8.803000417709504e-23
cg_iter = 1	curve = 8.509951481086431e-20	hesstol = 0
TEST: 1.4942800508391503e-22 8.803000417709504e-23
cg_iter = 2	curve = 1.5273091383204182e-23	hesstol = 0

Tolerance reached: grad_norm < gtol.

iteration = 3:	objective = 0.4971525346804132:	grad_norm = 1.3634225609217727e-13:	delta_J = 9.936496070395151e-15:
ImportError compute_plot_stats.
n, N, alpha 8 256 0.1
n, N, alpha 16 256 0.1
n, N, alpha 32 256 0.1
n, N, alpha 64 256 0.1
n, N, alpha 128 256 0.1
Semismooth Newton CG method.
------------------------------
Line search:		 fixed
Maximum iterations:	 20

iteration = 0:	objective = 0.4975972284439742:	grad_norm = 0.013952163423190575:
TEST: 0.00019466286418741693 2.7159680935691927e-06
cg_iter = 0	curve = 1.9466286418741676e-05	hesstol = 0
iteration = 1:	objective = 0.49715298043524647:	grad_norm = 0.00019599889055419535:	delta_J = 0.0004442480087277212:
TEST: 3.6758689674792995e-08 7.0475802973375834e-12
cg_iter = 0	curve = 3.780946206370651e-09	hesstol = 0
iteration = 2:	objective = 0.4971528017847996:	grad_norm = 2.805764313016288e-06:	delta_J = 1.7865044688036846e-07:
TEST: 6.8096678193652165e-12 1.7770059862793945e-17
cg_iter = 0	curve = 7.18432564961208e-13	hesstol = 0
TEST: 3.862254638924109e-15 1.7770059862793945e-17
cg_iter = 1	curve = 3.958292658150019e-16	hesstol = 0
iteration = 3:	objective = 0.49715280175250753:	grad_norm = 1.81416854455983e-10:	delta_J = 3.2292057916549766e-11:
TEST: 3.042507352596382e-20 5.30698004526104e-30
cg_iter = 0	curve = 3.092106849570065e-21	hesstol = 0
TEST: 3.451767741786176e-24 5.30698004526104e-30
cg_iter = 1	curve = 3.5117375988087906e-25	hesstol = 0
TEST: 2.0016378044904482e-28 5.30698004526104e-30
cg_iter = 2	curve = 2.1178620397074713e-29	hesstol = 0

Tolerance reached: grad_norm < gtol.

iteration = 4:	objective = 0.4971528017525074:	grad_norm = 1.18098728837655e-13:	delta_J = 1.1102230246251565e-16:
ImportError compute_plot_stats.
n, N, alpha 8 256 0.1
n, N, alpha 16 256 0.1
n, N, alpha 32 256 0.1
n, N, alpha 64 256 0.1
n, N, alpha 128 256 0.1
Semismooth Newton CG method.
------------------------------
Line search:		 fixed
Maximum iterations:	 20

iteration = 0:	objective = 0.4975324613561621:	grad_norm = 0.014345063269163698:
TEST: 0.0002057808401963095 2.951939172197724e-06
cg_iter = 0	curve = 2.0578084019630952e-05	hesstol = 0
iteration = 1:	objective = 0.4970468272233281:	grad_norm = 0.0002103294755949876:	delta_J = 0.0004856341328339786:
TEST: 4.255498967394793e-08 8.7786095712634e-12
cg_iter = 0	curve = 4.366928779501071e-09	hesstol = 0
iteration = 2:	objective = 0.4970466199581675:	grad_norm = 1.8606481061765573e-06:	delta_J = 2.0726516058999778e-07:
TEST: 3.021421494461799e-12 5.251906330485898e-18
cg_iter = 0	curve = 3.157163230837543e-13	hesstol = 0
TEST: 2.460000064407048e-15 5.251906330485898e-18
cg_iter = 1	curve = 2.5539616701737714e-16	hesstol = 0
iteration = 3:	objective = 0.49704661994369786:	grad_norm = 2.2479061639660415e-10:	delta_J = 1.4469647702242128e-11:
TEST: 4.6079105035451327e-20 9.891361019079664e-30
cg_iter = 0	curve = 4.7102400230703566e-21	hesstol = 0
TEST: 4.571178192935267e-24 9.891361019079664e-30
cg_iter = 1	curve = 4.64508986374249e-25	hesstol = 0
TEST: 1.3534270900109314e-27 9.891361019079664e-30
cg_iter = 2	curve = 1.4411489874800079e-28	hesstol = 0

Tolerance reached: grad_norm < gtol.

iteration = 4:	objective = 0.4970466199436978:	grad_norm = 5.996366467864592e-14:	delta_J = 5.551115123125783e-17:
ImportError compute_plot_stats.
n, N, alpha 8 256 0.1
n, N, alpha 16 256 0.1
n, N, alpha 32 256 0.1
n, N, alpha 64 256 0.1
n, N, alpha 128 256 0.1
Semismooth Newton CG method.
------------------------------
Line search:		 fixed
Maximum iterations:	 20

iteration = 0:	objective = 0.4976389113270942:	grad_norm = 0.013564936914091778:
TEST: 0.00018400751348328977 2.496050312119718e-06
cg_iter = 0	curve = 1.840075134832898e-05	hesstol = 0
iteration = 1:	objective = 0.4972285542641329:	grad_norm = 0.00016513816361074163:	delta_J = 0.00041035706296127517:
TEST: 2.583998089753785e-08 4.153730183770419e-12
cg_iter = 0	curve = 2.651317562635283e-09	hesstol = 0
TEST: 6.42815960031163e-12 4.153730183770419e-12
cg_iter = 1	curve = 6.772802940863189e-13	hesstol = 0
iteration = 2:	objective = 0.49722842836005926:	grad_norm = 3.747498725857444e-08:	delta_J = 1.2590407366674938e-07:
TEST: 1.1730043536283747e-15 4.017440339217631e-23
cg_iter = 0	curve = 1.202369895599839e-16	hesstol = 0
TEST: 5.078006488780606e-19 4.017440339217631e-23
cg_iter = 1	curve = 5.332137052599774e-20	hesstol = 0
TEST: 5.553570384632353e-23 4.017440339217631e-23
cg_iter = 2	curve = 5.6617183855907465e-24	hesstol = 0

Tolerance reached: grad_norm < gtol.

iteration = 3:	objective = 0.49722842836005365:	grad_norm = 6.374265706046317e-14:	delta_J = 5.6066262743570405e-15:
ImportError compute_plot_stats.
n, N, alpha 8 256 0.1
n, N, alpha 16 256 0.1
n, N, alpha 32 256 0.1
n, N, alpha 64 256 0.1
n, N, alpha 128 256 0.1
Semismooth Newton CG method.
------------------------------
Line search:		 fixed
Maximum iterations:	 20

iteration = 0:	objective = 0.49762459410409565:	grad_norm = 0.014576365932652815:
TEST: 0.00021247044380260158 3.0970469387398663e-06
cg_iter = 0	curve = 2.1247044380260163e-05	hesstol = 0
iteration = 1:	objective = 0.49711138290463475:	grad_norm = 0.00026396770418322886:	delta_J = 0.0005132111994609057:
TEST: 6.56605694603269e-08 1.6825073396356413e-11
cg_iter = 0	curve = 6.819733885506514e-09	hesstol = 0
TEST: 2.720412351513815e-11 1.6825073396356413e-11
cg_iter = 1	curve = 2.887066245687962e-12	hesstol = 0
iteration = 2:	objective = 0.4971110667726164:	grad_norm = 9.245023541161475e-08:	delta_J = 3.1613201834090887e-07:
TEST: 7.110136173836835e-15 5.995382248162185e-22
cg_iter = 0	curve = 7.282682383227719e-16	hesstol = 0
TEST: 2.8429272137626935e-18 5.995382248162185e-22
cg_iter = 1	curve = 3.0188251542842004e-19	hesstol = 0
TEST: 9.230777522304585e-22 5.995382248162185e-22
cg_iter = 2	curve = 9.529662768154219e-23	hesstol = 0

Tolerance reached: grad_norm < gtol.

iteration = 3:	objective = 0.4971110667725819:	grad_norm = 2.611164282868704e-13:	delta_J = 3.452793606584237e-14:
ImportError compute_plot_stats.
n, N, alpha 8 256 0.1
n, N, alpha 16 256 0.1
n, N, alpha 32 256 0.1
n, N, alpha 64 256 0.1
n, N, alpha 128 256 0.1
Semismooth Newton CG method.
------------------------------
Line search:		 fixed
Maximum iterations:	 20

iteration = 0:	objective = 0.49765443595845293:	grad_norm = 0.014081476998658237:
TEST: 0.00019828799446374096 2.7921878331512402e-06
cg_iter = 0	curve = 1.9828799446374088e-05	hesstol = 0
iteration = 1:	objective = 0.49719359260064944:	grad_norm = 0.0002080479776696936:	delta_J = 0.0004608433578034976:
TEST: 4.1158621863170453e-08 8.350091546634697e-12
cg_iter = 0	curve = 4.229549109103063e-09	hesstol = 0
iteration = 2:	objective = 0.49719339246540245:	grad_norm = 2.5270756282229624e-06:	delta_J = 2.001352469860329e-07:
TEST: 5.37675615264943e-12 1.2467532560775264e-17
cg_iter = 0	curve = 5.666315027363488e-13	hesstol = 0
TEST: 3.0953361466007915e-15 1.2467532560775264e-17
cg_iter = 1	curve = 3.174449481414723e-16	hesstol = 0
iteration = 3:	objective = 0.4971933924398755:	grad_norm = 1.0223273332943617e-10:	delta_J = 2.5526969427147606e-11:
TEST: 9.1796041063075e-21 8.795001691765026e-31
cg_iter = 0	curve = 9.268854132613611e-22	hesstol = 0
TEST: 1.0267538364246589e-24 8.795001691765026e-31
cg_iter = 1	curve = 1.0648586465345829e-25	hesstol = 0
TEST: 5.08710725087337e-28 8.795001691765026e-31
cg_iter = 2	curve = 5.331120340585531e-29	hesstol = 0

Tolerance reached: grad_norm < gtol.

iteration = 4:	objective = 0.49719339243987537:	grad_norm = 4.2578593324991017e-14:	delta_J = 1.1102230246251565e-16:
ImportError compute_plot_stats.
n, N, alpha 8 256 0.1
n, N, alpha 16 256 0.1
n, N, alpha 32 256 0.1
n, N, alpha 64 256 0.1
n, N, alpha 128 256 0.1
Semismooth Newton CG method.
------------------------------
Line search:		 fixed
Maximum iterations:	 20

iteration = 0:	objective = 0.4976028017040338:	grad_norm = 0.014376703812107275:
TEST: 0.00020668961250105985 2.9715153399669628e-06
cg_iter = 0	curve = 2.0668961250105968e-05	hesstol = 0
iteration = 1:	objective = 0.4971130205203602:	grad_norm = 0.0002223973314634237:	delta_J = 0.0004897811836735988:
TEST: 4.734101821749213e-08 1.030045458988942e-11
cg_iter = 0	curve = 4.864101348061603e-09	hesstol = 0
iteration = 2:	objective = 0.4971127901829256:	grad_norm = 2.2172008343353073e-06:	delta_J = 2.3033743462574918e-07:
TEST: 4.073785223440291e-12 8.222373352104183e-18
cg_iter = 0	curve = 4.2812472091328884e-13	hesstol = 0
TEST: 3.804198299961013e-15 8.222373352104183e-18
cg_iter = 1	curve = 3.9545649474083287e-16	hesstol = 0
iteration = 3:	objective = 0.49711279016353327:	grad_norm = 3.1101790163481415e-10:	delta_J = 1.939232108227884e-11:
TEST: 8.904085897819086e-20 2.6569538530274474e-29
cg_iter = 0	curve = 9.141377803323859e-21	hesstol = 0
TEST: 2.7657088825277814e-23 2.6569538530274474e-29
cg_iter = 1	curve = 2.9086518340631965e-24	hesstol = 0
TEST: 2.2177595383461268e-26 2.6569538530274474e-29
cg_iter = 2	curve = 2.291099701804492e-27	hesstol = 0

Tolerance reached: grad_norm < gtol.

iteration = 4:	objective = 0.49711279016353316:	grad_norm = 5.92253144022348e-14:	delta_J = 1.1102230246251565e-16:
ImportError compute_plot_stats.
n, N, alpha 8 256 0.1
n, N, alpha 16 256 0.1
n, N, alpha 32 256 0.1
n, N, alpha 64 256 0.1
n, N, alpha 128 256 0.1
Semismooth Newton CG method.
------------------------------
Line search:		 fixed
Maximum iterations:	 20

iteration = 0:	objective = 0.4976118160116465:	grad_norm = 0.01394842546673253:
TEST: 0.00019455857300099258 2.7137857544181848e-06
cg_iter = 0	curve = 1.9455857300099264e-05	hesstol = 0
iteration = 1:	objective = 0.4971667469656085:	grad_norm = 0.00017984954113305665:	delta_J = 0.0004450690460380269:
TEST: 3.080971631239561e-08 5.407936073204983e-12
cg_iter = 0	curve = 3.1539276884681024e-09	hesstol = 0
iteration = 2:	objective = 0.4971665965425468:	grad_norm = 1.7418432324100236e-06:	delta_J = 1.5042306167334374e-07:
TEST: 2.5219881085745716e-12 4.005110952696111e-18
cg_iter = 0	curve = 2.6438085302026797e-13	hesstol = 0
TEST: 1.7544095849396763e-15 4.005110952696111e-18
cg_iter = 1	curve = 1.8091151690788218e-16	hesstol = 0
iteration = 3:	objective = 0.49716659653050965:	grad_norm = 1.5463638210674441e-10:	delta_J = 1.203714905528841e-11:
TEST: 2.128736347395117e-20 3.1058667075615644e-30
cg_iter = 0	curve = 2.1693088773394936e-21	hesstol = 0
TEST: 1.7498779100160376e-24 3.1058667075615644e-30
cg_iter = 1	curve = 1.7752213984838197e-25	hesstol = 0
TEST: 3.0110073786642616e-28 3.1058667075615644e-30
cg_iter = 2	curve = 3.2001482568979735e-29	hesstol = 0

Tolerance reached: grad_norm < gtol.

iteration = 4:	objective = 0.4971665965305095:	grad_norm = 1.3551090927683353e-13:	delta_J = 1.6653345369377348e-16:
ImportError compute_plot_stats.
n, N, alpha 8 256 0.1
n, N, alpha 16 256 0.1
n, N, alpha 32 256 0.1
n, N, alpha 64 256 0.1
n, N, alpha 128 256 0.1
Semismooth Newton CG method.
------------------------------
Line search:		 fixed
Maximum iterations:	 20

iteration = 0:	objective = 0.49751480043717067:	grad_norm = 0.013550287600423764:
TEST: 0.00018361029405419802 2.4879722908327607e-06
cg_iter = 0	curve = 1.8361029405419796e-05	hesstol = 0
iteration = 1:	objective = 0.4971018140550476:	grad_norm = 0.0001905103531168486:	delta_J = 0.0004129863821230595:
TEST: 3.4887725921827217e-08 6.516418872483088e-12
cg_iter = 0	curve = 3.583740690572626e-09	hesstol = 0
iteration = 2:	objective = 0.4971016442886401:	grad_norm = 2.200341872176883e-06:	delta_J = 1.697664074873373e-07:
TEST: 4.171503197401058e-12 8.519985805087046e-18
cg_iter = 0	curve = 4.3632671257753086e-13	hesstol = 0
TEST: 1.5896999893246337e-15 8.519985805087046e-18
cg_iter = 1	curve = 1.6241027503168096e-16	hesstol = 0
iteration = 3:	objective = 0.49710164426869125:	grad_norm = 1.5902680561476335e-10:	delta_J = 1.994887588452343e-11:
TEST: 2.275698403473712e-20 3.4329861968538615e-30
cg_iter = 0	curve = 2.3222517377372843e-21	hesstol = 0
TEST: 1.7258302687930203e-24 3.4329861968538615e-30
cg_iter = 1	curve = 1.7471947202404972e-25	hesstol = 0
TEST: 1.8586445130600918e-28 3.4329861968538615e-30
cg_iter = 2	curve = 1.9539944961314577e-29	hesstol = 0

Tolerance reached: grad_norm < gtol.

iteration = 4:	objective = 0.49710164426869136:	grad_norm = 5.899841215887633e-14:	delta_J = -1.1102230246251565e-16:
ImportError compute_plot_stats.
n, N, alpha 8 256 0.1
n, N, alpha 16 256 0.1
n, N, alpha 32 256 0.1
n, N, alpha 64 256 0.1
n, N, alpha 128 256 0.1
Semismooth Newton CG method.
------------------------------
Line search:		 fixed
Maximum iterations:	 20

iteration = 0:	objective = 0.49764953830580705:	grad_norm = 0.014584253037015755:
TEST: 0.00021270043664770326 3.1020769891538434e-06
cg_iter = 0	curve = 2.127004366477033e-05	hesstol = 0
iteration = 1:	objective = 0.4971345556719777:	grad_norm = 0.00023797168587193188:	delta_J = 0.000514982633829375:
TEST: 5.426974935098659e-08 1.2642609494644156e-11
cg_iter = 0	curve = 5.584505587690384e-09	hesstol = 0
iteration = 2:	objective = 0.49713429209531645:	grad_norm = 2.439830535629103e-06:	delta_J = 2.635766612191226e-07:
TEST: 4.976758105468224e-12 1.1102474865546872e-17
cg_iter = 0	curve = 5.215402236016277e-13	hesstol = 0
TEST: 5.4788756708225764e-15 1.1102474865546872e-17
cg_iter = 1	curve = 5.752254034630036e-16	hesstol = 0
iteration = 3:	objective = 0.4971342920715455:	grad_norm = 5.121186605670177e-10:	delta_J = 2.3770929669097995e-11:
TEST: 2.442546410146595e-19 1.2071583327482635e-28
cg_iter = 0	curve = 2.5102459295179338e-20	hesstol = 0
TEST: 2.7334430305547775e-23 1.2071583327482635e-28
cg_iter = 1	curve = 2.8053431447958608e-24	hesstol = 0
TEST: 2.4230862324859439e-26 1.2071583327482635e-28
cg_iter = 2	curve = 2.584173784934424e-27	hesstol = 0

Tolerance reached: grad_norm < gtol.

iteration = 4:	objective = 0.4971342920715455:	grad_norm = 7.48440828711282e-14:	delta_J = 0.0:
ImportError compute_plot_stats.
n, N, alpha 8 256 0.1
n, N, alpha 16 256 0.1
n, N, alpha 32 256 0.1
n, N, alpha 64 256 0.1
n, N, alpha 128 256 0.1
Semismooth Newton CG method.
------------------------------
Line search:		 fixed
Maximum iterations:	 20

iteration = 0:	objective = 0.49745944068154935:	grad_norm = 0.014169368358757676:
TEST: 0.0002007709996861632 2.8447982503092683e-06
cg_iter = 0	curve = 2.0077099968616323e-05	hesstol = 0
iteration = 1:	objective = 0.49699689211670295:	grad_norm = 0.0002057906342631352:	delta_J = 0.00046254856484639895:
TEST: 4.04360779477732e-08 8.131179296560376e-12
cg_iter = 0	curve = 4.148458035132588e-09	hesstol = 0
iteration = 2:	objective = 0.4969966950587146:	grad_norm = 1.6847530363547891e-06:	delta_J = 1.9705798837144073e-07:
TEST: 2.297025011515886e-12 3.481357203055516e-18
cg_iter = 0	curve = 2.3722230822749207e-13	hesstol = 0
TEST: 1.5968224563575276e-15 3.481357203055516e-18
cg_iter = 1	curve = 1.6859254858612399e-16	hesstol = 0
iteration = 3:	objective = 0.49699669504758553:	grad_norm = 4.1132574458358837e-10:	delta_J = 1.1129042132296263e-11:
TEST: 1.5614433072389836e-19 6.170059197100507e-29
cg_iter = 0	curve = 1.599698000318716e-20	hesstol = 0
TEST: 2.1915619873444346e-23 6.170059197100507e-29
cg_iter = 1	curve = 2.2643920080071077e-24	hesstol = 0
TEST: 1.846791684247576e-26 6.170059197100507e-29
cg_iter = 2	curve = 1.9424776317510125e-27	hesstol = 0

Tolerance reached: grad_norm < gtol.

iteration = 4:	objective = 0.4969966950475856:	grad_norm = 6.573602119216042e-14:	delta_J = -5.551115123125783e-17:
ImportError compute_plot_stats.
n, N, alpha 8 256 0.1
n, N, alpha 16 256 0.1
n, N, alpha 32 256 0.1
n, N, alpha 64 256 0.1
n, N, alpha 128 256 0.1
Semismooth Newton CG method.
------------------------------
Line search:		 fixed
Maximum iterations:	 20

iteration = 0:	objective = 0.49763500648716485:	grad_norm = 0.014069819722152108:
TEST: 0.0001979598270138604 2.785259078313433e-06
cg_iter = 0	curve = 1.979598270138605e-05	hesstol = 0
iteration = 1:	objective = 0.4971779575407181:	grad_norm = 0.00020983209253179616:	delta_J = 0.00045704894644676974:
TEST: 4.2107981936817645e-08 8.640654537773893e-12
cg_iter = 0	curve = 4.326497642587202e-09	hesstol = 0
iteration = 2:	objective = 0.4971777528255171:	grad_norm = 1.75582235824485e-06:	delta_J = 2.0471520095766138e-07:
TEST: 2.6725725132625818e-12 4.369122748927001e-18
cg_iter = 0	curve = 2.7755488650750434e-13	hesstol = 0
TEST: 2.3562837850833576e-15 4.369122748927001e-18
cg_iter = 1	curve = 2.4651296429836344e-16	hesstol = 0
iteration = 3:	objective = 0.49717775281263904:	grad_norm = 2.8582262950652326e-10:	delta_J = 1.2878087485290735e-11:
TEST: 7.367021723458106e-20 1.999576047178219e-29
cg_iter = 0	curve = 7.550277648796627e-21	hesstol = 0
TEST: 7.253380007781885e-24 1.999576047178219e-29
cg_iter = 1	curve = 7.395230153766402e-25	hesstol = 0
TEST: 3.6886505911352344e-27 1.999576047178219e-29
cg_iter = 2	curve = 3.920469809308221e-28	hesstol = 0

Tolerance reached: grad_norm < gtol.

iteration = 4:	objective = 0.4971777528126388:	grad_norm = 8.894770696177429e-14:	delta_J = 2.220446049250313e-16:
ImportError compute_plot_stats.
n, N, alpha 8 256 0.1
n, N, alpha 16 256 0.1
n, N, alpha 32 256 0.1
n, N, alpha 64 256 0.1
n, N, alpha 128 256 0.1
Semismooth Newton CG method.
------------------------------
Line search:		 fixed
Maximum iterations:	 20

iteration = 0:	objective = 0.4974874028345162:	grad_norm = 0.013472926938756874:
TEST: 0.00018151976029708069 2.445602468423229e-06
cg_iter = 0	curve = 1.8151976029708084e-05	hesstol = 0
iteration = 1:	objective = 0.49708423718186695:	grad_norm = 0.0001857875833244298:	delta_J = 0.0004031656526492511:
TEST: 3.3392008599418325e-08 6.101882147174902e-12
cg_iter = 0	curve = 3.4251107157373483e-09	hesstol = 0
iteration = 2:	objective = 0.49708407442507035:	grad_norm = 1.6560796313673343e-06:	delta_J = 1.6275679659560893e-07:
TEST: 2.39288102524448e-12 3.701533283655259e-18
cg_iter = 0	curve = 2.4977673454245107e-13	hesstol = 0
TEST: 1.426436527623292e-15 3.701533283655259e-18
cg_iter = 1	curve = 1.4676468813184666e-16	hesstol = 0

Tolerance reached: grad_norm < gtol.

iteration = 3:	objective = 0.4970840744136009:	grad_norm = 9.56116544350275e-11:	delta_J = 1.1469436511646336e-11:
ImportError compute_plot_stats.
n, N, alpha 8 256 0.1
n, N, alpha 16 256 0.1
n, N, alpha 32 256 0.1
n, N, alpha 64 256 0.1
n, N, alpha 128 256 0.1
Semismooth Newton CG method.
------------------------------
Line search:		 fixed
Maximum iterations:	 20

iteration = 0:	objective = 0.4976645768029981:	grad_norm = 0.014394790896183394:
TEST: 0.0002072100049448443 2.982744692778161e-06
cg_iter = 0	curve = 2.0721000494484418e-05	hesstol = 0
iteration = 1:	objective = 0.49717263989058874:	grad_norm = 0.0002237710794949632:	delta_J = 0.0004919369124093409:
TEST: 4.76076910611482e-08 1.038761102195987e-11
cg_iter = 0	curve = 4.9066585215115755e-09	hesstol = 0
TEST: 1.2422320612921973e-11 1.038761102195987e-11
cg_iter = 1	curve = 1.3202531233788229e-12	hesstol = 0
iteration = 2:	objective = 0.49717240892129955:	grad_norm = 6.82225099073757e-08:	delta_J = 2.3096928919441595e-07:
TEST: 3.943024289072833e-15 2.4759631600403217e-22
cg_iter = 0	curve = 4.0338204903452417e-16	hesstol = 0
TEST: 1.5672412624644806e-18 2.4759631600403217e-22
cg_iter = 1	curve = 1.6649110620391212e-19	hesstol = 0
TEST: 3.7169582645476495e-22 2.4759631600403217e-22
cg_iter = 2	curve = 3.818483626804458e-23	hesstol = 0

Tolerance reached: grad_norm < gtol.

iteration = 3:	objective = 0.49717240892128:	grad_norm = 2.8421163209229346e-13:	delta_J = 1.9539925233402755e-14:
ImportError compute_plot_stats.
n, N, alpha 8 256 0.1
n, N, alpha 16 256 0.1
n, N, alpha 32 256 0.1
n, N, alpha 64 256 0.1
n, N, alpha 128 256 0.1
Semismooth Newton CG method.
------------------------------
Line search:		 fixed
Maximum iterations:	 20

iteration = 0:	objective = 0.4975351847551336:	grad_norm = 0.01479974199669798:
TEST: 0.00021903236316882588 3.241622463825676e-06
cg_iter = 0	curve = 2.1903236316882584e-05	hesstol = 0
iteration = 1:	objective = 0.49700654022912477:	grad_norm = 0.000243953929844324:	delta_J = 0.0005286445260088146:
TEST: 5.65503003653017e-08 1.3447835067666223e-11
cg_iter = 0	curve = 5.823926831517437e-09	hesstol = 0
iteration = 2:	objective = 0.4970062657347093:	grad_norm = 2.9251516797906202e-06:	delta_J = 2.744944154753348e-07:
TEST: 7.141275872441614e-12 1.9083749874456223e-17
cg_iter = 0	curve = 7.564219782933272e-13	hesstol = 0
TEST: 8.096319045691426e-15 1.9083749874456223e-17
cg_iter = 1	curve = 8.432654980937532e-16	hesstol = 0
iteration = 3:	objective = 0.4970062657009606:	grad_norm = 4.990304878193533e-10:	delta_J = 3.374867052485797e-11:
TEST: 2.277278316879579e-19 1.0867362814842887e-28
cg_iter = 0	curve = 2.3313888880323586e-20	hesstol = 0
TEST: 3.355262732037576e-23 1.0867362814842887e-28
cg_iter = 1	curve = 3.4237970794598686e-24	hesstol = 0
TEST: 1.3142680544588851e-26 1.0867362814842887e-28
cg_iter = 2	curve = 1.4184039858283094e-27	hesstol = 0

Tolerance reached: grad_norm < gtol.

iteration = 4:	objective = 0.4970062657009601:	grad_norm = 3.051359386939282e-13:	delta_J = 4.996003610813204e-16:
ImportError compute_plot_stats.
n, N, alpha 8 256 0.1
n, N, alpha 16 256 0.1
n, N, alpha 32 256 0.1
n, N, alpha 64 256 0.1
n, N, alpha 128 256 0.1
Semismooth Newton CG method.
------------------------------
Line search:		 fixed
Maximum iterations:	 20

iteration = 0:	objective = 0.49771239633179454:	grad_norm = 0.013980996661758652:
TEST: 0.00019546826765610655 2.7328411975797726e-06
cg_iter = 0	curve = 1.9546826765610664e-05	hesstol = 0
iteration = 1:	objective = 0.4972635034457334:	grad_norm = 0.0002077405253266208:	delta_J = 0.0004488928860611474:
TEST: 4.0899948585758996e-08 8.27149750538286e-12
cg_iter = 0	curve = 4.202558010251357e-09	hesstol = 0
iteration = 2:	objective = 0.4972633044742229:	grad_norm = 2.1092146718119273e-06:	delta_J = 1.9897151048997586e-07:
TEST: 3.6660118259306375e-12 7.019251320711438e-18
cg_iter = 0	curve = 3.8326470935060586e-13	hesstol = 0
TEST: 3.2225393714594524e-15 7.019251320711438e-18
cg_iter = 1	curve = 3.3565525561864423e-16	hesstol = 0
iteration = 3:	objective = 0.49726330445667455:	grad_norm = 3.1559998357503706e-10:	delta_J = 1.7548351660678918e-11:
TEST: 9.043716597056079e-20 2.7196963386311574e-29
cg_iter = 0	curve = 9.271565458870384e-21	hesstol = 0
TEST: 8.895331201213813e-24 2.7196963386311574e-29
cg_iter = 1	curve = 9.068940220626435e-25	hesstol = 0
TEST: 4.32427583608432e-27 2.7196963386311574e-29
cg_iter = 2	curve = 4.601986500583658e-28	hesstol = 0

Tolerance reached: grad_norm < gtol.

iteration = 4:	objective = 0.49726330445667466:	grad_norm = 3.9670437142866156e-14:	delta_J = -1.1102230246251565e-16:
ImportError compute_plot_stats.
n, N, alpha 8 256 0.1
n, N, alpha 16 256 0.1
n, N, alpha 32 256 0.1
n, N, alpha 64 256 0.1
n, N, alpha 128 256 0.1
Semismooth Newton CG method.
------------------------------
Line search:		 fixed
Maximum iterations:	 20

iteration = 0:	objective = 0.4974985411823177:	grad_norm = 0.013758213991256948:
TEST: 0.00018928845222921845 2.6042710318434058e-06
cg_iter = 0	curve = 1.892884522292185e-05	hesstol = 0
iteration = 1:	objective = 0.49706741831289986:	grad_norm = 0.00019290465871343903:	delta_J = 0.0004311228694178215:
TEST: 3.580311360336131e-08 6.7745615796934214e-12
cg_iter = 0	curve = 3.667911621795579e-09	hesstol = 0
iteration = 2:	objective = 0.49706724358587356:	grad_norm = 1.4004114450409044e-06:	delta_J = 1.7472702629195425e-07:
TEST: 1.6918273426671468e-12 2.2005642812527753e-18
cg_iter = 0	curve = 1.7602714759018562e-13	hesstol = 0
TEST: 1.3620248341309955e-15 2.2005642812527753e-18
cg_iter = 1	curve = 1.4206421779371773e-16	hesstol = 0
iteration = 3:	objective = 0.49706724357773724:	grad_norm = 2.1372519037760105e-10:	delta_J = 8.136324947116691e-12:
TEST: 4.223340793226492e-20 8.679289825818493e-30
cg_iter = 0	curve = 4.3083426942552105e-21	hesstol = 0
TEST: 4.462073592885917e-24 8.679289825818493e-30
cg_iter = 1	curve = 4.557601588032675e-25	hesstol = 0
TEST: 2.1221428225770046e-27 8.679289825818493e-30
cg_iter = 2	curve = 2.2510352853263414e-28	hesstol = 0

Tolerance reached: grad_norm < gtol.

iteration = 4:	objective = 0.4970672435777371:	grad_norm = 4.479313242526776e-14:	delta_J = 1.6653345369377348e-16:
ImportError compute_plot_stats.
n, N, alpha 8 256 0.1
n, N, alpha 16 256 0.1
n, N, alpha 32 256 0.1
n, N, alpha 64 256 0.1
n, N, alpha 128 256 0.1
Semismooth Newton CG method.
------------------------------
Line search:		 fixed
Maximum iterations:	 20

iteration = 0:	objective = 0.4976914625960949:	grad_norm = 0.014226427188063592:
TEST: 0.000202391230537275 2.8793041047411354e-06
cg_iter = 0	curve = 2.0239123053727497e-05	hesstol = 0
iteration = 1:	objective = 0.49721522005707136:	grad_norm = 0.00024202226851063606:	delta_J = 0.0004762425390235636:
TEST: 5.522942186513382e-08 1.2979433738660678e-11
cg_iter = 0	curve = 5.718759880281172e-09	hesstol = 0
TEST: 1.943242349505731e-11 1.2979433738660678e-11
cg_iter = 1	curve = 2.0677801971712443e-12	hesstol = 0
iteration = 2:	objective = 0.4972149535974423:	grad_norm = 9.059815665604754e-08:	delta_J = 2.664596290835597e-07:
TEST: 7.118425875546804e-15 6.00587032027262e-22
cg_iter = 0	curve = 7.420113337485469e-16	hesstol = 0
TEST: 6.651886695722645e-18 6.00587032027262e-22
cg_iter = 1	curve = 6.97353362331689e-19	hesstol = 0

Tolerance reached: grad_norm < gtol.

iteration = 3:	objective = 0.4972149535974085:	grad_norm = 2.305387899057651e-11:	delta_J = 3.375077994860476e-14:
ImportError compute_plot_stats.
n, N, alpha 8 256 0.1
n, N, alpha 16 256 0.1
n, N, alpha 32 256 0.1
n, N, alpha 64 256 0.1
n, N, alpha 128 256 0.1
Semismooth Newton CG method.
------------------------------
Line search:		 fixed
Maximum iterations:	 20

iteration = 0:	objective = 0.49768059042198626:	grad_norm = 0.014631706494941471:
TEST: 0.00021408683495411244 3.1324557334795497e-06
cg_iter = 0	curve = 2.140868349541126e-05	hesstol = 0
iteration = 1:	objective = 0.4971688410271275:	grad_norm = 0.00021956338493303086:	delta_J = 0.0005117493948587626:
TEST: 4.5788719654812915e-08 9.798007102077242e-12
cg_iter = 0	curve = 4.716670735842655e-09	hesstol = 0
TEST: 1.3153616516086005e-11 9.798007102077242e-12
cg_iter = 1	curve = 1.3963865144122635e-12	hesstol = 0
iteration = 2:	objective = 0.4971686187842974:	grad_norm = 6.76462608813931e-08:	delta_J = 2.2224283008354107e-07:
TEST: 3.910343891088585e-15 2.445245278316622e-22
cg_iter = 0	curve = 4.0259609274190724e-16	hesstol = 0
TEST: 2.22853712394399e-18 2.445245278316622e-22
cg_iter = 1	curve = 2.35669069562899e-19	hesstol = 0
TEST: 3.4030130749922155e-22 2.445245278316622e-22
cg_iter = 2	curve = 3.484267212470984e-23	hesstol = 0

Tolerance reached: grad_norm < gtol.

iteration = 3:	objective = 0.4971686187842786:	grad_norm = 1.5199934843785776e-13:	delta_J = 1.8818280267396403e-14:
ImportError compute_plot_stats.
n, N, alpha 8 256 0.1
n, N, alpha 16 256 0.1
n, N, alpha 32 256 0.1
n, N, alpha 64 256 0.1
n, N, alpha 128 256 0.1
Semismooth Newton CG method.
------------------------------
Line search:		 fixed
Maximum iterations:	 20

iteration = 0:	objective = 0.4976600854140496:	grad_norm = 0.014439836809441246:
TEST: 0.00020850888708329434 3.010834302800982e-06
cg_iter = 0	curve = 2.0850888708329426e-05	hesstol = 0
iteration = 1:	objective = 0.4971598476209372:	grad_norm = 0.00026100969145794405:	delta_J = 0.0005002377931124236:
TEST: 6.530333403358269e-08 1.668795161292713e-11
cg_iter = 0	curve = 6.736857870063401e-09	hesstol = 0
iteration = 2:	objective = 0.49715953123293144:	grad_norm = 2.2741838584206762e-06:	delta_J = 3.163880057388546e-07:
TEST: 4.199340753623013e-12 8.605412143382572e-18
cg_iter = 0	curve = 4.358759654534434e-13	hesstol = 0
TEST: 3.9248032253693285e-15 8.605412143382572e-18
cg_iter = 1	curve = 4.139492489032788e-16	hesstol = 0
iteration = 3:	objective = 0.4971595312126844:	grad_norm = 4.983948501725053e-10:	delta_J = 2.0247026277786517e-11:
TEST: 2.25643591507945e-19 1.0718512172228403e-28
cg_iter = 0	curve = 2.316430152331469e-20	hesstol = 0
TEST: 3.6697224914853466e-23 1.0718512172228403e-28
cg_iter = 1	curve = 3.78223712909587e-24	hesstol = 0
TEST: 2.630361501821662e-26 1.0718512172228403e-28
cg_iter = 2	curve = 2.7922341608045685e-27	hesstol = 0

Tolerance reached: grad_norm < gtol.

iteration = 4:	objective = 0.4971595312126841:	grad_norm = 6.365816000275398e-14:	delta_J = 3.3306690738754696e-16:
ImportError compute_plot_stats.
n, N, alpha 8 256 0.1
n, N, alpha 16 256 0.1
n, N, alpha 32 256 0.1
n, N, alpha 64 256 0.1
n, N, alpha 128 256 0.1
Semismooth Newton CG method.
------------------------------
Line search:		 fixed
Maximum iterations:	 20

iteration = 0:	objective = 0.49749767456808314:	grad_norm = 0.014788525064487789:
TEST: 0.00021870047358298354 3.2342574351973015e-06
cg_iter = 0	curve = 2.1870047358298363e-05	hesstol = 0
iteration = 1:	objective = 0.4969657619342395:	grad_norm = 0.0002750878027696365:	delta_J = 0.000531912633843612:
TEST: 7.305528350303484e-08 1.9745923297080058e-11
cg_iter = 0	curve = 7.542545257351159e-09	hesstol = 0
iteration = 2:	objective = 0.49696540827768165:	grad_norm = 2.642071730196741e-06:	delta_J = 3.5365655787211736e-07:
TEST: 6.168031810950381e-12 1.531862932247826e-17
cg_iter = 0	curve = 6.484619748878118e-13	hesstol = 0
TEST: 7.030360116096968e-15 1.531862932247826e-17
cg_iter = 1	curve = 7.352700584086878e-16	hesstol = 0
iteration = 3:	objective = 0.4969654082483132:	grad_norm = 4.3246630585604253e-10:	delta_J = 2.936845211465311e-11:
TEST: 1.6975353188762575e-19 6.994041878924934e-29
cg_iter = 0	curve = 1.7382663612911303e-20	hesstol = 0
TEST: 2.959889810158955e-23 6.994041878924934e-29
cg_iter = 1	curve = 3.0216099717138084e-24	hesstol = 0
TEST: 8.908036172030253e-27 6.994041878924934e-29
cg_iter = 2	curve = 9.588416626787386e-28	hesstol = 0

Tolerance reached: grad_norm < gtol.

iteration = 4:	objective = 0.49696540824831337:	grad_norm = 1.9002276866272312e-13:	delta_J = -1.6653345369377348e-16:
ImportError compute_plot_stats.
n, N, alpha 8 256 0.1
n, N, alpha 16 256 0.1
n, N, alpha 32 256 0.1
n, N, alpha 64 256 0.1
n, N, alpha 128 256 0.1
Semismooth Newton CG method.
------------------------------
Line search:		 fixed
Maximum iterations:	 20

iteration = 0:	objective = 0.49756497050802:	grad_norm = 0.014630332571608999:
TEST: 0.0002140466311558832 3.1315733996430953e-06
cg_iter = 0	curve = 2.1404663115588322e-05	hesstol = 0
iteration = 1:	objective = 0.4970526006026498:	grad_norm = 0.00023393125364922326:	delta_J = 0.0005123699053702357:
TEST: 5.246937744669657e-08 1.2018737971510473e-11
cg_iter = 0	curve = 5.3958753127975966e-09	hesstol = 0
iteration = 2:	objective = 0.49705234566526696:	grad_norm = 2.463280990328407e-06:	delta_J = 2.549373828153456e-07:
TEST: 5.0644260003999715e-12 1.1397125869556966e-17
cg_iter = 0	curve = 5.353681052727957e-13	hesstol = 0
TEST: 5.614283787153083e-15 1.1397125869556966e-17
cg_iter = 1	curve = 5.842471347949493e-16	hesstol = 0
iteration = 3:	objective = 0.49705234564127976:	grad_norm = 3.6532938976119993e-10:	delta_J = 2.3987201114294976e-11:
TEST: 1.2233036466582247e-19 4.278597228826195e-29
cg_iter = 0	curve = 1.2524813650281603e-20	hesstol = 0
TEST: 2.050985454385342e-23 4.278597228826195e-29
cg_iter = 1	curve = 2.1187842037029194e-24	hesstol = 0
TEST: 2.0832690899584086e-26 4.278597228826195e-29
cg_iter = 2	curve = 2.2133794460496777e-27	hesstol = 0

Tolerance reached: grad_norm < gtol.

iteration = 4:	objective = 0.49705234564128:	grad_norm = 5.3262411922330566e-14:	delta_J = -2.220446049250313e-16:
ImportError compute_plot_stats.
n, N, alpha 8 256 0.1
n, N, alpha 16 256 0.1
n, N, alpha 32 256 0.1
n, N, alpha 64 256 0.1
n, N, alpha 128 256 0.1
Semismooth Newton CG method.
------------------------------
Line search:		 fixed
Maximum iterations:	 20

iteration = 0:	objective = 0.49767621981916393:	grad_norm = 0.014725333530805185:
TEST: 0.00021683544759345548 3.1929742871150603e-06
cg_iter = 0	curve = 2.1683544759345556e-05	hesstol = 0
iteration = 1:	objective = 0.4971597867643196:	grad_norm = 0.00023326096295068626:	delta_J = 0.0005164330548443341:
TEST: 5.1387893062172025e-08 1.1649068995595842e-11
cg_iter = 0	curve = 5.306309955797581e-09	hesstol = 0
TEST: 1.8556525713304847e-11 1.1649068995595842e-11
cg_iter = 1	curve = 1.98417204531823e-12	hesstol = 0
iteration = 2:	objective = 0.49715953793452844:	grad_norm = 8.68912103564078e-08:	delta_J = 2.488297911606985e-07:
TEST: 6.405259021591681e-15 5.126312122168837e-22
cg_iter = 0	curve = 6.569308931812901e-16	hesstol = 0
TEST: 2.9988173689290624e-18 5.126312122168837e-22
cg_iter = 1	curve = 3.204296255517146e-19	hesstol = 0
TEST: 9.296302684466956e-22 5.126312122168837e-22
cg_iter = 2	curve = 9.562678087695912e-23	hesstol = 0

Tolerance reached: grad_norm < gtol.

iteration = 3:	objective = 0.4971595379344973:	grad_norm = 2.816909426835622e-13:	delta_J = 3.114175584073564e-14:
ImportError compute_plot_stats.
n, N, alpha 8 256 0.1
n, N, alpha 16 256 0.1
n, N, alpha 32 256 0.1
n, N, alpha 64 256 0.1
n, N, alpha 128 256 0.1
Semismooth Newton CG method.
------------------------------
Line search:		 fixed
Maximum iterations:	 20

iteration = 0:	objective = 0.4976488693619122:	grad_norm = 0.014524749750226995:
TEST: 0.00021096835530671915 3.0642625660470688e-06
cg_iter = 0	curve = 2.1096835530671922e-05	hesstol = 0
iteration = 1:	objective = 0.4971481153178549:	grad_norm = 0.00022986598655823584:	delta_J = 0.0005007540440573055:
TEST: 4.9934029075603714e-08 1.1158219867180494e-11
cg_iter = 0	curve = 5.167855287696051e-09	hesstol = 0
TEST: 2.125259488673868e-11 1.1158219867180494e-11
cg_iter = 1	curve = 2.252678462668609e-12	hesstol = 0
iteration = 2:	objective = 0.49714787404727684:	grad_norm = 7.143061635689734e-08:	delta_J = 2.412705780718838e-07:
TEST: 4.318393771410295e-15 2.8378103035786824e-22
cg_iter = 0	curve = 4.417270896777541e-16	hesstol = 0
TEST: 1.2596434922250684e-18 2.8378103035786824e-22
cg_iter = 1	curve = 1.3360062936454611e-19	hesstol = 0
TEST: 4.651845374718802e-22 2.8378103035786824e-22
cg_iter = 2	curve = 4.7940962957171267e-23	hesstol = 0

Tolerance reached: grad_norm < gtol.

iteration = 3:	objective = 0.4971478740472561:	grad_norm = 1.5318782233329166e-13:	delta_J = 2.0761170560490427e-14:
ImportError compute_plot_stats.
n, N, alpha 8 256 0.1
n, N, alpha 16 256 0.1
n, N, alpha 32 256 0.1
n, N, alpha 64 256 0.1
n, N, alpha 128 256 0.1
Semismooth Newton CG method.
------------------------------
Line search:		 fixed
Maximum iterations:	 20

iteration = 0:	objective = 0.497587684733368:	grad_norm = 0.014206981880542199:
TEST: 0.00020183833415405436 2.867513556125472e-06
cg_iter = 0	curve = 2.0183833415405447e-05	hesstol = 0
iteration = 1:	objective = 0.4971166543591988:	grad_norm = 0.0002153286562937761:	delta_J = 0.00047103037416923454:
TEST: 4.4247015107687534e-08 9.307348332936171e-12
cg_iter = 0	curve = 4.5545653835684894e-09	hesstol = 0
iteration = 2:	objective = 0.4971164394766021:	grad_norm = 3.2969614059422556e-06:	delta_J = 2.1488259666080367e-07:
TEST: 9.126708185884978e-12 2.757218902269924e-17
cg_iter = 0	curve = 9.69464324299133e-13	hesstol = 0
TEST: 6.226091947678296e-15 2.757218902269924e-17
cg_iter = 1	curve = 6.402147818847445e-16	hesstol = 0
iteration = 3:	objective = 0.49711643943361:	grad_norm = 2.289148045622933e-10:	delta_J = 4.299210987213087e-11:
TEST: 4.554993424630921e-20 9.721463089361844e-30
cg_iter = 0	curve = 4.600642150038177e-21	hesstol = 0
TEST: 2.9200371410540753e-24 9.721463089361844e-30
cg_iter = 1	curve = 3.0690587245784317e-25	hesstol = 0
TEST: 2.8575990209933646e-27 9.721463089361844e-30
cg_iter = 2	curve = 2.95713140265543e-28	hesstol = 0

Tolerance reached: grad_norm < gtol.

iteration = 4:	objective = 0.4971164394336099:	grad_norm = 6.514530350304216e-14:	delta_J = 1.1102230246251565e-16:
ImportError compute_plot_stats.
n, N, alpha 8 256 0.1
n, N, alpha 16 256 0.1
n, N, alpha 32 256 0.1
n, N, alpha 64 256 0.1
n, N, alpha 128 256 0.1
Semismooth Newton CG method.
------------------------------
Line search:		 fixed
Maximum iterations:	 20

iteration = 0:	objective = 0.4975326190115562:	grad_norm = 0.014416295443365895:
TEST: 0.00020782957431041227 2.99613254512787e-06
cg_iter = 0	curve = 2.078295743104122e-05	hesstol = 0
iteration = 1:	objective = 0.4970397986623225:	grad_norm = 0.00023683253907023474:	delta_J = 0.0004928203492337024:
TEST: 5.366654747318209e-08 1.243241461236764e-11
cg_iter = 0	curve = 5.5258947035314165e-09	hesstol = 0
iteration = 2:	objective = 0.49703953816644253:	grad_norm = 2.162188252963101e-06:	delta_J = 2.604958799778956e-07:
TEST: 3.855306557147162e-12 7.569869201126254e-18
cg_iter = 0	curve = 3.990310843925107e-13	hesstol = 0
TEST: 3.2004552791654597e-15 7.569869201126254e-18
cg_iter = 1	curve = 3.380944457314993e-16	hesstol = 0
iteration = 3:	objective = 0.49703953814780344:	grad_norm = 5.190535524370922e-10:	delta_J = 1.8639090271221903e-11:
TEST: 2.4760185474192184e-19 1.2320571130286396e-28
cg_iter = 0	curve = 2.5475457835670427e-20	hesstol = 0
TEST: 3.630896277671927e-23 1.2320571130286396e-28
cg_iter = 1	curve = 3.76178705775741e-24	hesstol = 0
TEST: 3.515311405135784e-26 1.2320571130286396e-28
cg_iter = 2	curve = 3.6957240520473504e-27	hesstol = 0

Tolerance reached: grad_norm < gtol.

iteration = 4:	objective = 0.4970395381478038:	grad_norm = 2.0029923958692592e-13:	delta_J = -3.885780586188048e-16:
ImportError compute_plot_stats.
n, N, alpha 8 256 0.1
n, N, alpha 16 256 0.1
n, N, alpha 32 256 0.1
n, N, alpha 64 256 0.1
n, N, alpha 128 256 0.1
Semismooth Newton CG method.
------------------------------
Line search:		 fixed
Maximum iterations:	 20

iteration = 0:	objective = 0.4976033355125517:	grad_norm = 0.014836217848761761:
TEST: 0.00022011336005591705 3.2656497612125207e-06
cg_iter = 0	curve = 2.20113360055917e-05	hesstol = 0
iteration = 1:	objective = 0.49706735039194344:	grad_norm = 0.0002445784441547432:	delta_J = 0.0005359851206082622:
TEST: 5.6796869784828294e-08 1.3535883317811363e-11
cg_iter = 0	curve = 5.889561458114354e-09	hesstol = 0
TEST: 3.314497958033598e-11 1.3535883317811363e-11
cg_iter = 1	curve = 3.543632567476005e-12	hesstol = 0
iteration = 2:	objective = 0.49706707651045595:	grad_norm = 9.95539785373027e-08:	delta_J = 2.738814874891915e-07:
TEST: 8.448676291387567e-15 7.765742856311086e-22
cg_iter = 0	curve = 8.740217723244392e-16	hesstol = 0
TEST: 6.145270152690253e-18 7.765742856311086e-22
cg_iter = 1	curve = 6.554041227081149e-19	hesstol = 0
TEST: 1.2230752740030606e-21 7.765742856311086e-22
cg_iter = 2	curve = 1.2544168101049194e-22	hesstol = 0

Tolerance reached: grad_norm < gtol.

iteration = 3:	objective = 0.49706707651041476:	grad_norm = 2.7984244674347863e-13:	delta_J = 4.118927421359331e-14:
ImportError compute_plot_stats.
n, N, alpha 8 256 0.1
n, N, alpha 16 256 0.1
n, N, alpha 32 256 0.1
n, N, alpha 64 256 0.1
n, N, alpha 128 256 0.1
Semismooth Newton CG method.
------------------------------
Line search:		 fixed
Maximum iterations:	 20

iteration = 0:	objective = 0.49770373749283847:	grad_norm = 0.014266309540499653:
TEST: 0.00020352758790535144 2.903587569088997e-06
cg_iter = 0	curve = 2.0352758790535143e-05	hesstol = 0
iteration = 1:	objective = 0.4972279622644661:	grad_norm = 0.00020020638380280743:	delta_J = 0.00047577522837238817:
TEST: 3.821716502248403e-08 7.471154223598967e-12
cg_iter = 0	curve = 3.922978089888813e-09	hesstol = 0
iteration = 2:	objective = 0.49722777620364184:	grad_norm = 2.6532015296793113e-06:	delta_J = 1.8606082424765802e-07:
TEST: 5.937404295968519e-12 1.4467548054168085e-17
cg_iter = 0	curve = 6.276867731633051e-13	hesstol = 0
TEST: 4.5121454228356234e-15 1.4467548054168085e-17
cg_iter = 1	curve = 4.662290814734662e-16	hesstol = 0
iteration = 3:	objective = 0.4972277761755384:	grad_norm = 3.0236557845845837e-10:	delta_J = 2.8103408489243975e-11:
TEST: 8.19945026695527e-20 2.3478865289539206e-29
cg_iter = 0	curve = 8.381088402654304e-21	hesstol = 0
TEST: 9.769610335113777e-24 2.3478865289539206e-29
cg_iter = 1	curve = 9.911795442298039e-25	hesstol = 0
TEST: 1.92144512607852e-27 2.3478865289539206e-29
cg_iter = 2	curve = 2.0600304053325313e-28	hesstol = 0

Tolerance reached: grad_norm < gtol.

iteration = 4:	objective = 0.49722777617553804:	grad_norm = 7.621064335700278e-14:	delta_J = 3.885780586188048e-16:
ImportError compute_plot_stats.
n, N, alpha 8 256 0.1
n, N, alpha 16 256 0.1
n, N, alpha 32 256 0.1
n, N, alpha 64 256 0.1
n, N, alpha 128 256 0.1
Semismooth Newton CG method.
------------------------------
Line search:		 fixed
Maximum iterations:	 20

iteration = 0:	objective = 0.49760766282320545:	grad_norm = 0.015549938109290784:
TEST: 0.00024180057520277383 3.759983979194045e-06
cg_iter = 0	curve = 2.4180057520277392e-05	hesstol = 0
iteration = 1:	objective = 0.4969963915460906:	grad_norm = 0.0002883206093285106:	delta_J = 0.0006112712771148554:
TEST: 7.921873988142817e-08 2.2296766963782525e-11
cg_iter = 0	curve = 8.240772215379128e-09	hesstol = 0
TEST: 4.615819232628517e-11 2.2296766963782525e-11
cg_iter = 1	curve = 4.938740300780391e-12	hesstol = 0
iteration = 2:	objective = 0.4969960107332571:	grad_norm = 1.2621273862550347e-07:	delta_J = 3.8081283348923023e-07:
TEST: 1.359849660869093e-14 1.585755936593835e-21
cg_iter = 0	curve = 1.401978984066695e-15	hesstol = 0
TEST: 7.695509814187766e-18 1.585755936593835e-21
cg_iter = 1	curve = 8.233423790409562e-19	hesstol = 0
TEST: 2.994849296015551e-21 1.585755936593835e-21
cg_iter = 2	curve = 3.090957226464628e-22	hesstol = 0

Tolerance reached: grad_norm < gtol.

iteration = 3:	objective = 0.49699601073319116:	grad_norm = 4.2910909713885997e-13:	delta_J = 6.59472476627343e-14:
ImportError compute_plot_stats.
n, N, alpha 8 256 0.1
n, N, alpha 16 256 0.1
n, N, alpha 32 256 0.1
n, N, alpha 64 256 0.1
n, N, alpha 128 256 0.1
Semismooth Newton CG method.
------------------------------
Line search:		 fixed
Maximum iterations:	 20

iteration = 0:	objective = 0.49767119676754784:	grad_norm = 0.013523523933068817:
TEST: 0.00018288569956828512 2.4732591351277374e-06
cg_iter = 0	curve = 1.828856995682851e-05	hesstol = 0
iteration = 1:	objective = 0.49726484123021103:	grad_norm = 0.00016105206386172772:	delta_J = 0.00040635553733681107:
TEST: 2.464511002610207e-08 3.868976947291054e-12
cg_iter = 0	curve = 2.517448605904482e-09	hesstol = 0
iteration = 2:	objective = 0.49726472062763777:	grad_norm = 1.0080730810682279e-06:	delta_J = 1.20602573261408e-07:
TEST: 8.238811265763571e-13 7.478195787252486e-19
cg_iter = 0	curve = 8.445298691728761e-14	hesstol = 0
TEST: 4.125777625934696e-16 7.478195787252486e-19
cg_iter = 1	curve = 4.3259399339138867e-17	hesstol = 0
iteration = 3:	objective = 0.49726472062361693:	grad_norm = 1.5790269161376067e-10:	delta_J = 4.020839217133698e-12:
TEST: 2.3221461905568597e-20 3.538623325071115e-30
cg_iter = 0	curve = 2.3723749950686197e-21	hesstol = 0
TEST: 2.208433985678351e-24 3.538623325071115e-30
cg_iter = 1	curve = 2.2869295911052105e-25	hesstol = 0
TEST: 1.551799104469649e-27 3.538623325071115e-30
cg_iter = 2	curve = 1.6046772853401256e-28	hesstol = 0

Tolerance reached: grad_norm < gtol.

iteration = 4:	objective = 0.4972647206236173:	grad_norm = 1.3283287011882818e-12:	delta_J = -3.885780586188048e-16:
ImportError compute_plot_stats.
n, N, alpha 8 256 0.1
n, N, alpha 16 256 0.1
n, N, alpha 32 256 0.1
n, N, alpha 64 256 0.1
n, N, alpha 128 256 0.1
Semismooth Newton CG method.
------------------------------
Line search:		 fixed
Maximum iterations:	 20

iteration = 0:	objective = 0.49768589371424427:	grad_norm = 0.013526242202944131:
TEST: 0.0001829592281327069 2.474750832986703e-06
cg_iter = 0	curve = 1.8295922813270684e-05	hesstol = 0
iteration = 1:	objective = 0.49727696498409824:	grad_norm = 0.00018142888328748628:	delta_J = 0.0004089287301460298:
TEST: 3.1151376581732924e-08 5.498140889134605e-12
cg_iter = 0	curve = 3.201848912575802e-09	hesstol = 0
TEST: 6.6495813709828305e-12 5.498140889134605e-12
cg_iter = 1	curve = 7.032091780571819e-13	hesstol = 0
iteration = 2:	objective = 0.49727681345514335:	grad_norm = 5.5527820016050124e-08:	delta_J = 1.51528954883684e-07:
TEST: 2.6082208421008138e-15 1.332037776299804e-22
cg_iter = 0	curve = 2.68339153885442e-16	hesstol = 0
TEST: 1.4892258930420337e-18 1.332037776299804e-22
cg_iter = 1	curve = 1.5694594001053714e-19	hesstol = 0
TEST: 2.2584706816550877e-22 1.332037776299804e-22
cg_iter = 2	curve = 2.3133336185147322e-23	hesstol = 0

Tolerance reached: grad_norm < gtol.

iteration = 3:	objective = 0.4972768134551306:	grad_norm = 1.526861767482654e-13:	delta_J = 1.27675647831893e-14:
ImportError compute_plot_stats.
n, N, alpha 8 256 0.1
n, N, alpha 16 256 0.1
n, N, alpha 32 256 0.1
n, N, alpha 64 256 0.1
n, N, alpha 128 256 0.1
Semismooth Newton CG method.
------------------------------
Line search:		 fixed
Maximum iterations:	 20

iteration = 0:	objective = 0.49766546165215303:	grad_norm = 0.014145248703830141:
TEST: 0.0002000880608932083 2.8302953840015408e-06
cg_iter = 0	curve = 2.0008806089320834e-05	hesstol = 0
iteration = 1:	objective = 0.49719881958368123:	grad_norm = 0.00020061623620663366:	delta_J = 0.0004666420684718009:
TEST: 3.8316000329654765e-08 7.500155237754094e-12
cg_iter = 0	curve = 3.9340952219937246e-09	hesstol = 0
iteration = 2:	objective = 0.49719863305055967:	grad_norm = 2.6088668784644053e-06:	delta_J = 1.8653312156002855e-07:
TEST: 5.7840356601744015e-12 1.391061858159687e-17
cg_iter = 0	curve = 6.13770710111821e-13	hesstol = 0
TEST: 4.146022620851954e-15 1.391061858159687e-17
cg_iter = 1	curve = 4.2585555730073284e-16	hesstol = 0
iteration = 3:	objective = 0.4971986330232857:	grad_norm = 1.2392807711513175e-10:	delta_J = 2.727396086754652e-11:
TEST: 1.4462914386916126e-20 1.7393369500902562e-30
cg_iter = 0	curve = 1.4585619907704812e-21	hesstol = 0
TEST: 7.164430234742743e-25 1.7393369500902562e-30
cg_iter = 1	curve = 7.322425987453294e-26	hesstol = 0
TEST: 5.800698688092011e-29 1.7393369500902562e-30
cg_iter = 2	curve = 6.0422689881538575e-30	hesstol = 0

Tolerance reached: grad_norm < gtol.

iteration = 4:	objective = 0.49719863302328576:	grad_norm = 1.6645661474151357e-13:	delta_J = -5.551115123125783e-17:
ImportError compute_plot_stats.
n, N, alpha 8 256 0.1
n, N, alpha 16 256 0.1
n, N, alpha 32 256 0.1
n, N, alpha 64 256 0.1
n, N, alpha 128 256 0.1
Semismooth Newton CG method.
------------------------------
Line search:		 fixed
Maximum iterations:	 20

iteration = 0:	objective = 0.4975694487676277:	grad_norm = 0.016127772851619055:
TEST: 0.0002601050571534206 4.19491527932776e-06
cg_iter = 0	curve = 2.6010505715342056e-05	hesstol = 0
iteration = 1:	objective = 0.49689241646056104:	grad_norm = 0.0003503736865654677:	delta_J = 0.0006770323070666717:
TEST: 1.1846796922960691e-07 4.0775699104281515e-11
cg_iter = 0	curve = 1.2278852758241792e-08	hesstol = 0
iteration = 2:	objective = 0.49689184525220126:	grad_norm = 3.3711232053516707e-06:	delta_J = 5.71208359778641e-07:
TEST: 9.560166616025658e-12 2.955957543185279e-17
cg_iter = 0	curve = 9.927415851112437e-13	hesstol = 0
TEST: 1.1221705245968554e-14 2.955957543185279e-17
cg_iter = 1	curve = 1.2084353070185393e-15	hesstol = 0
iteration = 3:	objective = 0.49689184520611684:	grad_norm = 1.3820663371356555e-09:	delta_J = 4.6084414062619317e-11:
TEST: 1.775350375175653e-18 2.3655172227481462e-27
cg_iter = 0	curve = 1.8336782737816328e-19	hesstol = 0
TEST: 5.387159245149585e-22 2.3655172227481462e-27
cg_iter = 1	curve = 5.664780710351246e-23	hesstol = 0
TEST: 7.940506948911666e-25 2.3655172227481462e-27
cg_iter = 2	curve = 8.434215697456079e-26	hesstol = 0

Tolerance reached: grad_norm < gtol.

iteration = 4:	objective = 0.49689184520611696:	grad_norm = 8.453115062062521e-14:	delta_J = -1.1102230246251565e-16:
ImportError compute_plot_stats.
n, N, alpha 8 256 0.1
n, N, alpha 16 256 0.1
n, N, alpha 32 256 0.1
n, N, alpha 64 256 0.1
n, N, alpha 128 256 0.1
Semismooth Newton CG method.
------------------------------
Line search:		 fixed
Maximum iterations:	 20

iteration = 0:	objective = 0.4976372598924735:	grad_norm = 0.014161730684136262:
TEST: 0.00020055461597000653 2.840200458827606e-06
cg_iter = 0	curve = 2.0055461597000644e-05	hesstol = 0
iteration = 1:	objective = 0.4971726691469871:	grad_norm = 0.00020851112133175815:	delta_J = 0.0004645907454863818:
TEST: 4.13866165617951e-08 8.419569478935662e-12
cg_iter = 0	curve = 4.24965631232046e-09	hesstol = 0
iteration = 2:	objective = 0.49717246767300105:	grad_norm = 1.926884143831905e-06:	delta_J = 2.014739860500825e-07:
TEST: 3.0587593775653914e-12 5.349558865060422e-18
cg_iter = 0	curve = 3.185244841055943e-13	hesstol = 0
TEST: 2.6788980162065018e-15 5.349558865060422e-18
cg_iter = 1	curve = 2.803231379958094e-16	hesstol = 0
iteration = 3:	objective = 0.497172467658301:	grad_norm = 3.6268716689520913e-10:	delta_J = 1.470007449100308e-11:
TEST: 1.1987987479619004e-19 4.150681611838287e-29
cg_iter = 0	curve = 1.2283782195691351e-20	hesstol = 0
TEST: 1.1456479207272855e-23 4.150681611838287e-29
cg_iter = 1	curve = 1.1679899957409522e-24	hesstol = 0
TEST: 5.437350684010337e-27 4.150681611838287e-29
cg_iter = 2	curve = 5.789455028089458e-28	hesstol = 0

Tolerance reached: grad_norm < gtol.

iteration = 4:	objective = 0.49717246765830103:	grad_norm = 1.221586786749141e-13:	delta_J = -5.551115123125783e-17:
ImportError compute_plot_stats.
n, N, alpha 8 256 0.1
n, N, alpha 16 256 0.1
n, N, alpha 32 256 0.1
n, N, alpha 64 256 0.1
n, N, alpha 128 256 0.1
Semismooth Newton CG method.
------------------------------
Line search:		 fixed
Maximum iterations:	 20

iteration = 0:	objective = 0.4976556668163523:	grad_norm = 0.015145705750476503:
TEST: 0.000229392402680017 3.474309832386355e-06
cg_iter = 0	curve = 2.293924026800171e-05	hesstol = 0
iteration = 1:	objective = 0.4970881071212079:	grad_norm = 0.00028095391892436896:	delta_J = 0.0005675596951444373:
TEST: 7.545375265637848e-08 2.0726275475387588e-11
cg_iter = 0	curve = 7.815410832023466e-09	hesstol = 0
TEST: 2.18647884372148e-11 2.0726275475387588e-11
cg_iter = 1	curve = 2.3382331041024487e-12	hesstol = 0
iteration = 2:	objective = 0.4970877429851503:	grad_norm = 1.339035450771845e-07:	delta_J = 3.6413605758456313e-07:
TEST: 1.5574420683648257e-14 1.9436490571314637e-21
cg_iter = 0	curve = 1.6203110429852306e-15	hesstol = 0
TEST: 1.4869907330446545e-17 1.9436490571314637e-21
cg_iter = 1	curve = 1.585690137610122e-18	hesstol = 0
TEST: 3.2946029287024668e-21 1.9436490571314637e-21
cg_iter = 2	curve = 3.4029887912910993e-22	hesstol = 0

Tolerance reached: grad_norm < gtol.

iteration = 3:	objective = 0.4970877429850752:	grad_norm = 5.661665464394602e-13:	delta_J = 7.510658761589184e-14:
ImportError compute_plot_stats.
n, N, alpha 8 256 0.1
n, N, alpha 16 256 0.1
n, N, alpha 32 256 0.1
n, N, alpha 64 256 0.1
n, N, alpha 128 256 0.1
Semismooth Newton CG method.
------------------------------
Line search:		 fixed
Maximum iterations:	 20

iteration = 0:	objective = 0.4975711296500401:	grad_norm = 0.013689564856949884:
TEST: 0.0001874041859726373 2.565481758336316e-06
cg_iter = 0	curve = 1.8740418597263738e-05	hesstol = 0
iteration = 1:	objective = 0.49714668966407577:	grad_norm = 0.00018063054094353265:	delta_J = 0.0004244399859643089:
TEST: 3.128536703591414e-08 5.533652482521874e-12
cg_iter = 0	curve = 3.204779956855509e-09	hesstol = 0
iteration = 2:	objective = 0.4971465369984308:	grad_norm = 1.736675319695228e-06:	delta_J = 1.5266564495908241e-07:
TEST: 2.6192950387646743e-12 4.2391289787083905e-18
cg_iter = 0	curve = 2.743682047842476e-13	hesstol = 0
TEST: 1.6928355462946508e-15 4.2391289787083905e-18
cg_iter = 1	curve = 1.7440290220237516e-16	hesstol = 0
iteration = 3:	objective = 0.4971465369859193:	grad_norm = 1.316787277784019e-10:	delta_J = 1.2511491842559508e-11:
TEST: 1.5266901855641575e-20 1.8863677830061294e-30
cg_iter = 0	curve = 1.554669045270916e-21	hesstol = 0
TEST: 1.48388228306123e-24 1.8863677830061294e-30
cg_iter = 1	curve = 1.5041154139131588e-25	hesstol = 0
TEST: 1.5599943901608315e-28 1.8863677830061294e-30
cg_iter = 2	curve = 1.655874445287772e-29	hesstol = 0

Tolerance reached: grad_norm < gtol.

iteration = 4:	objective = 0.49714653698591965:	grad_norm = 1.2534251473834653e-13:	delta_J = -3.3306690738754696e-16:
ImportError compute_plot_stats.
n, N, alpha 8 256 0.1
n, N, alpha 16 256 0.1
n, N, alpha 32 256 0.1
n, N, alpha 64 256 0.1
n, N, alpha 128 256 0.1
Semismooth Newton CG method.
------------------------------
Line search:		 fixed
Maximum iterations:	 20

iteration = 0:	objective = 0.49756101236437084:	grad_norm = 0.013843162335016847:
TEST: 0.00019163314343362907 2.652808713321295e-06
cg_iter = 0	curve = 1.916331434336291e-05	hesstol = 0
iteration = 1:	objective = 0.4971254124232218:	grad_norm = 0.00018664470609652746:	delta_J = 0.0004355999411490563:
TEST: 3.3370857597909294e-08 6.096085529160242e-12
cg_iter = 0	curve = 3.418758911332949e-09	hesstol = 0
iteration = 2:	objective = 0.497125249631147:	grad_norm = 1.2642348392019318e-06:	delta_J = 1.6279207476488367e-07:
TEST: 1.3399979356977544e-12 1.5511585605713537e-18
cg_iter = 0	curve = 1.3678211967553646e-13	hesstol = 0
TEST: 3.9565286589703494e-16 1.5511585605713537e-18
cg_iter = 1	curve = 4.1592777270942225e-17	hesstol = 0
iteration = 3:	objective = 0.4971252496245813:	grad_norm = 2.6086753234826537e-10:	delta_J = 6.565692434179482e-12:
TEST: 5.953444685723188e-20 1.452621555345424e-29
cg_iter = 0	curve = 6.10555351374692e-21	hesstol = 0
TEST: 1.2814415234943239e-23 1.452621555345424e-29
cg_iter = 1	curve = 1.333528434508739e-24	hesstol = 0
TEST: 6.448057495345943e-27 1.452621555345424e-29
cg_iter = 2	curve = 6.636644458907356e-28	hesstol = 0

Tolerance reached: grad_norm < gtol.

iteration = 4:	objective = 0.49712524962458166:	grad_norm = 4.1919114810156623e-14:	delta_J = -3.3306690738754696e-16:
ImportError compute_plot_stats.
n, N, alpha 8 256 0.1
n, N, alpha 16 256 0.1
n, N, alpha 32 256 0.1
n, N, alpha 64 256 0.1
n, N, alpha 128 256 0.1
Semismooth Newton CG method.
------------------------------
Line search:		 fixed
Maximum iterations:	 20

iteration = 0:	objective = 0.4976549374684584:	grad_norm = 0.012722625108254951:
TEST: 0.00016186518964519933 2.0593501259324625e-06
cg_iter = 0	curve = 1.618651896451993e-05	hesstol = 0
iteration = 1:	objective = 0.49731961041296824:	grad_norm = 0.00011913999988188174:	delta_J = 0.0003353270554901644:
TEST: 1.3363849427192532e-08 1.5448892834522313e-12
cg_iter = 0	curve = 1.359906649684363e-09	hesstol = 0
iteration = 2:	objective = 0.49731954477699597:	grad_norm = 6.913587384464434e-07:	delta_J = 6.563597226838525e-08:
TEST: 3.82222403446025e-13 2.363057060193588e-19
cg_iter = 0	curve = 3.906417408488017e-14	hesstol = 0
TEST: 1.342496969730161e-16 2.363057060193588e-19
cg_iter = 1	curve = 1.4006030015707637e-17	hesstol = 0

Tolerance reached: grad_norm < gtol.

iteration = 3:	objective = 0.4973195447751253:	grad_norm = 9.945889919158249e-11:	delta_J = 1.8706702853421575e-12:
ImportError compute_plot_stats.
n, N, alpha 8 256 0.1
n, N, alpha 16 256 0.1
n, N, alpha 32 256 0.1
n, N, alpha 64 256 0.1
n, N, alpha 128 256 0.1
Semismooth Newton CG method.
------------------------------
Line search:		 fixed
Maximum iterations:	 20

iteration = 0:	objective = 0.4977147007456018:	grad_norm = 0.01398600037787796:
TEST: 0.00019560820657000242 2.735776451004084e-06
cg_iter = 0	curve = 1.9560820657000223e-05	hesstol = 0
iteration = 1:	objective = 0.4972627800052736:	grad_norm = 0.0002135267928584597:	delta_J = 0.0004519207403282377:
TEST: 4.263645813944893e-08 8.803830657113935e-12
cg_iter = 0	curve = 4.427086352746367e-09	hesstol = 0
TEST: 2.2037096223902346e-11 8.803830657113935e-12
cg_iter = 1	curve = 2.3203775648962607e-12	hesstol = 0
iteration = 2:	objective = 0.49726257464786966:	grad_norm = 5.8282663825767565e-08:	delta_J = 2.0535740391514068e-07:
TEST: 2.83435553111166e-15 1.5089730674474284e-22
cg_iter = 0	curve = 2.8989370300365834e-16	hesstol = 0
TEST: 1.1248705895710237e-18 1.5089730674474284e-22
cg_iter = 1	curve = 1.1906073111146767e-19	hesstol = 0
TEST: 2.3131017190631307e-22 1.5089730674474284e-22
cg_iter = 2	curve = 2.3711793841225443e-23	hesstol = 0

Tolerance reached: grad_norm < gtol.

iteration = 3:	objective = 0.4972625746478562:	grad_norm = 2.1469659510494054e-13:	delta_J = 1.3433698597964394e-14:
ImportError compute_plot_stats.
n, N, alpha 8 256 0.1
n, N, alpha 16 256 0.1
n, N, alpha 32 256 0.1
n, N, alpha 64 256 0.1
n, N, alpha 128 256 0.1
Semismooth Newton CG method.
------------------------------
Line search:		 fixed
Maximum iterations:	 20

iteration = 0:	objective = 0.4974562686722301:	grad_norm = 0.014587298900922781:
TEST: 0.00021278928922486298 3.1040209648379838e-06
cg_iter = 0	curve = 2.1278928922486304e-05	hesstol = 0
iteration = 1:	objective = 0.4969469088857235:	grad_norm = 0.0002298464759638436:	delta_J = 0.0005093597865065691:
TEST: 5.1033022759529234e-08 1.1528609780694419e-11
cg_iter = 0	curve = 5.2670195262574594e-09	hesstol = 0
TEST: 1.5528482410584803e-11 1.1528609780694419e-11
cg_iter = 1	curve = 1.650506245919376e-12	hesstol = 0
iteration = 2:	objective = 0.49694666169017127:	grad_norm = 7.500031394253502e-08:	delta_J = 2.471955522498348e-07:
TEST: 4.617807448736728e-15 3.1380057129461015e-22
cg_iter = 0	curve = 4.743573774085904e-16	hesstol = 0
TEST: 2.6609576048186678e-18 3.1380057129461015e-22
cg_iter = 1	curve = 2.8193801415519505e-19	hesstol = 0
TEST: 4.259276946145424e-22 3.1380057129461015e-22
cg_iter = 2	curve = 4.367785920418892e-23	hesstol = 0

Tolerance reached: grad_norm < gtol.

iteration = 3:	objective = 0.49694666169014867:	grad_norm = 1.5750078594049395e-13:	delta_J = 2.2593038551121936e-14:
ImportError compute_plot_stats.
n, N, alpha 8 256 0.1
n, N, alpha 16 256 0.1
n, N, alpha 32 256 0.1
n, N, alpha 64 256 0.1
n, N, alpha 128 256 0.1
Semismooth Newton CG method.
------------------------------
Line search:		 fixed
Maximum iterations:	 20

iteration = 0:	objective = 0.49770462954861905:	grad_norm = 0.014550272617690086:
TEST: 0.0002117104332491019 3.080444519783712e-06
cg_iter = 0	curve = 2.1171043324910192e-05	hesstol = 0
iteration = 1:	objective = 0.4972033008587971:	grad_norm = 0.0002453284497590512:	delta_J = 0.0005013286898219449:
TEST: 5.6403226680142494e-08 1.3395407331733203e-11
cg_iter = 0	curve = 5.878773348668581e-09	hesstol = 0
TEST: 3.847795838052232e-11 1.3395407331733203e-11
cg_iter = 1	curve = 4.082067055306998e-12	hesstol = 0
iteration = 2:	objective = 0.4972030303509734:	grad_norm = 9.524567459610691e-08:	delta_J = 2.705078236964198e-07:
TEST: 7.742649110359214e-15 6.812936903442169e-22
cg_iter = 0	curve = 8.036319998771764e-16	hesstol = 0
TEST: 6.334607361206482e-18 6.812936903442169e-22
cg_iter = 1	curve = 6.709179537247487e-19	hesstol = 0
TEST: 9.702891974223215e-22 6.812936903442169e-22
cg_iter = 2	curve = 9.947121218468231e-23	hesstol = 0

Tolerance reached: grad_norm < gtol.

iteration = 3:	objective = 0.49720303035093627:	grad_norm = 2.2127917443130348e-13:	delta_J = 3.7136960173711486e-14:
ImportError compute_plot_stats.
n, N, alpha 8 256 0.1
n, N, alpha 16 256 0.1
n, N, alpha 32 256 0.1
n, N, alpha 64 256 0.1
n, N, alpha 128 256 0.1
Semismooth Newton CG method.
------------------------------
Line search:		 fixed
Maximum iterations:	 20

iteration = 0:	objective = 0.49764528031894756:	grad_norm = 0.014534957443055642:
TEST: 0.00021126498787143858 3.070727607919026e-06
cg_iter = 0	curve = 2.1126498787143845e-05	hesstol = 0
iteration = 1:	objective = 0.49714559137195824:	grad_norm = 0.0002251346730650748:	delta_J = 0.0004996889469893184:
TEST: 4.787348630127644e-08 1.0474723868082603e-11
cg_iter = 0	curve = 4.954564549288393e-09	hesstol = 0
TEST: 2.152949079342808e-11 1.0474723868082603e-11
cg_iter = 1	curve = 2.283506379408004e-12	hesstol = 0
iteration = 2:	objective = 0.49714536003479226:	grad_norm = 7.610240167154956e-08:	delta_J = 2.3133716597900644e-07:
TEST: 4.924594093260341e-15 3.4558561745865496e-22
cg_iter = 0	curve = 5.057207217742446e-16	hesstol = 0
TEST: 2.118628145128493e-18 3.4558561745865496e-22
cg_iter = 1	curve = 2.2475661784061263e-19	hesstol = 0
TEST: 6.1254292643423e-22 3.4558561745865496e-22
cg_iter = 2	curve = 6.294516361456441e-23	hesstol = 0

Tolerance reached: grad_norm < gtol.

iteration = 3:	objective = 0.4971453600347679:	grad_norm = 1.8208873081448442e-13:	delta_J = 2.4369395390522186e-14:
ImportError compute_plot_stats.
n, N, alpha 8 256 0.1
n, N, alpha 16 256 0.1
n, N, alpha 32 256 0.1
n, N, alpha 64 256 0.1
n, N, alpha 128 256 0.1
Semismooth Newton CG method.
------------------------------
Line search:		 fixed
Maximum iterations:	 20

iteration = 0:	objective = 0.49748612782041846:	grad_norm = 0.013311729459534447:
TEST: 0.00017720214120383725 2.358866963355703e-06
cg_iter = 0	curve = 1.7720214120383723e-05	hesstol = 0
iteration = 1:	objective = 0.49709597930509736:	grad_norm = 0.0001536304429559298:	delta_J = 0.0003901485153210982:
TEST: 2.2535858958104995e-08 3.3830714793824397e-12
cg_iter = 0	curve = 2.29978015371464e-09	hesstol = 0
iteration = 2:	objective = 0.49709586889539525:	grad_norm = 8.088230755832128e-07:	delta_J = 1.104097021031869e-07:
TEST: 5.26412714222649e-13 3.819350850820286e-19
cg_iter = 0	curve = 5.33625574765447e-14	hesstol = 0
TEST: 4.142468421522078e-17 3.819350850820286e-19
cg_iter = 1	curve = 4.339802989505946e-18	hesstol = 0
iteration = 3:	objective = 0.4970958688927987:	grad_norm = 1.2810047211620103e-10:	delta_J = 2.596534098842085e-12:
TEST: 1.5006137998315616e-20 1.8382450447288958e-30
cg_iter = 0	curve = 1.5486362899441277e-21	hesstol = 0
TEST: 6.177315134427178e-24 1.8382450447288958e-30
cg_iter = 1	curve = 6.446145968649378e-25	hesstol = 0
TEST: 1.2100610083890065e-27 1.8382450447288958e-30
cg_iter = 2	curve = 1.2268776485053287e-28	hesstol = 0

Tolerance reached: grad_norm < gtol.

iteration = 4:	objective = 0.49709586889279855:	grad_norm = 5.5449175681365363e-14:	delta_J = 1.6653345369377348e-16:
ImportError compute_plot_stats.
n, N, alpha 8 256 0.1
n, N, alpha 16 256 0.1
n, N, alpha 32 256 0.1
n, N, alpha 64 256 0.1
n, N, alpha 128 256 0.1
Semismooth Newton CG method.
------------------------------
Line search:		 fixed
Maximum iterations:	 20

iteration = 0:	objective = 0.497588957533513:	grad_norm = 0.01426342664021494:
TEST: 0.00020344533952079325 2.9018276755484555e-06
cg_iter = 0	curve = 2.0344533952079315e-05	hesstol = 0
iteration = 1:	objective = 0.4971101055840881:	grad_norm = 0.0002046415617315072:	delta_J = 0.0004788519494249299:
TEST: 3.983408331630019e-08 7.9502766462772e-12
cg_iter = 0	curve = 4.1006391978953975e-09	hesstol = 0
TEST: 1.2194631473961343e-11 7.9502766462772e-12
cg_iter = 1	curve = 1.296684547332086e-12	hesstol = 0
iteration = 2:	objective = 0.49710991211622685:	grad_norm = 6.138250304285957e-08:	delta_J = 1.9346786123142223e-07:
TEST: 3.1288404777679438e-15 1.7501494351384229e-22
cg_iter = 0	curve = 3.20416933751019e-16	hesstol = 0
TEST: 1.4000989542848602e-18 1.7501494351384229e-22
cg_iter = 1	curve = 1.486887904089848e-19	hesstol = 0
TEST: 2.6173443015893465e-22 1.7501494351384229e-22
cg_iter = 2	curve = 2.681029517985009e-23	hesstol = 0

Tolerance reached: grad_norm < gtol.

iteration = 3:	objective = 0.49710991211621147:	grad_norm = 2.181687989125236e-13:	delta_J = 1.5376588891058418e-14:
ImportError compute_plot_stats.
n, N, alpha 8 256 0.1
n, N, alpha 16 256 0.1
n, N, alpha 32 256 0.1
n, N, alpha 64 256 0.1
n, N, alpha 128 256 0.1
Semismooth Newton CG method.
------------------------------
Line search:		 fixed
Maximum iterations:	 20

iteration = 0:	objective = 0.4977552543270916:	grad_norm = 0.013897653307635113:
TEST: 0.0001931447674592212 2.68425901633206e-06
cg_iter = 0	curve = 1.9314476745922117e-05	hesstol = 0
iteration = 1:	objective = 0.4973110933394914:	grad_norm = 0.0002620171890144229:	delta_J = 0.00044416098760019507:
TEST: 6.388298893555223e-08 1.614647934452354e-11
cg_iter = 0	curve = 6.717549904740528e-09	hesstol = 0
TEST: 4.233288352600422e-11 1.614647934452354e-11
cg_iter = 1	curve = 4.433061875492613e-12	hesstol = 0
iteration = 2:	objective = 0.49731078962811115:	grad_norm = 8.243611750180091e-08:	delta_J = 3.0371138026730193e-07:
TEST: 5.756318364231836e-15 4.367342059585767e-22
cg_iter = 0	curve = 5.953754374797555e-16	hesstol = 0
TEST: 3.624288700207546e-18 4.367342059585767e-22
cg_iter = 1	curve = 3.8303282844014977e-19	hesstol = 0
TEST: 7.771672959285535e-22 4.367342059585767e-22
cg_iter = 2	curve = 7.978220620089127e-23	hesstol = 0

Tolerance reached: grad_norm < gtol.

iteration = 3:	objective = 0.49731078962808256:	grad_norm = 2.4600769114373904e-13:	delta_J = 2.858824288409778e-14:
ImportError compute_plot_stats.
n, N, alpha 8 256 0.1
n, N, alpha 16 256 0.1
n, N, alpha 32 256 0.1
n, N, alpha 64 256 0.1
n, N, alpha 128 256 0.1
Semismooth Newton CG method.
------------------------------
Line search:		 fixed
Maximum iterations:	 20

iteration = 0:	objective = 0.49762875110514043:	grad_norm = 0.01493852721985533:
TEST: 0.00022315959549835864 3.3336756917241356e-06
cg_iter = 0	curve = 2.231595954983586e-05	hesstol = 0
iteration = 1:	objective = 0.49708227549566664:	grad_norm = 0.0002530192750320114:	delta_J = 0.0005464756094737955:
TEST: 6.073725027336681e-08 1.496865192693315e-11
cg_iter = 0	curve = 6.285048743942796e-09	hesstol = 0
TEST: 2.1529141688370136e-11 1.496865192693315e-11
cg_iter = 1	curve = 2.2973441792766267e-12	hesstol = 0
iteration = 2:	objective = 0.4970819820929634:	grad_norm = 1.0176874470592437e-07:	delta_J = 2.9340270324418327e-07:
TEST: 8.838566069123883e-15 8.3094584201398895e-22
cg_iter = 0	curve = 9.095068357091907e-16	hesstol = 0
TEST: 5.492179228793505e-18 8.3094584201398895e-22
cg_iter = 1	curve = 5.8565421298712635e-19	hesstol = 0
TEST: 1.3319082243755646e-21 8.3094584201398895e-22
cg_iter = 2	curve = 1.3737458746537055e-22	hesstol = 0

Tolerance reached: grad_norm < gtol.

iteration = 3:	objective = 0.4970819820929205:	grad_norm = 2.826819848847121e-13:	delta_J = 4.29101199017623e-14:
